TN:
SF:src/app/Launcher.ts
FN:3,(anonymous_0)
FN:7,Launcher
FN:10,(anonymous_2)
FNF:3
FNH:3
FNDA:1,(anonymous_0)
FNDA:3,Launcher
FNDA:1,(anonymous_2)
DA:1,1
DA:3,1
DA:8,3
DA:10,1
DA:11,1
DA:14,1
DA:16,1
LF:7
LH:7
BRF:0
BRH:0
end_of_record
TN:
SF:src/app/Authorization/Authorizer.ts
FN:6,(anonymous_13)
FN:11,Authorizer
FN:18,(anonymous_15)
FN:37,(anonymous_18)
FN:55,(anonymous_21)
FN:59,(anonymous_22)
FNF:6
FNH:5
FNDA:2,(anonymous_13)
FNDA:3,Authorizer
FNDA:1,(anonymous_15)
FNDA:0,(anonymous_18)
FNDA:1,(anonymous_21)
FNDA:1,(anonymous_22)
DA:1,2
DA:2,2
DA:3,2
DA:6,2
DA:11,4
DA:12,4
DA:14,3
DA:15,3
DA:18,2
DA:19,1
DA:22,1
DA:23,1
DA:30,2
DA:31,1
DA:33,0
DA:37,2
DA:38,0
DA:39,0
DA:40,0
DA:44,0
DA:45,0
DA:49,0
DA:55,2
DA:56,1
DA:59,2
DA:60,1
DA:62,2
LF:27
LH:20
BRDA:11,0,0,1
BRDA:11,0,1,2
BRDA:12,1,0,1
BRDA:12,1,1,2
BRDA:19,2,0,1
BRDA:19,2,1,0
BRDA:22,3,0,0
BRDA:22,3,1,1
BRDA:38,4,0,0
BRDA:39,5,0,0
BRDA:39,5,1,0
BRDA:39,6,0,0
BRDA:39,6,1,0
BRDA:44,7,0,0
BRDA:44,7,1,0
BRF:15
BRH:6
end_of_record
TN:
SF:src/app/Authorization/SessionTokenDBAccess.ts
FN:4,(anonymous_13)
FN:8,SessionTokenDBAccess
FN:13,(anonymous_15)
FN:14,(anonymous_18)
FN:15,(anonymous_19)
FN:25,(anonymous_20)
FN:26,(anonymous_23)
FN:27,(anonymous_24)
FNF:8
FNH:5
FNDA:3,(anonymous_13)
FNDA:1,SessionTokenDBAccess
FNDA:1,(anonymous_15)
FNDA:1,(anonymous_18)
FNDA:1,(anonymous_19)
FNDA:0,(anonymous_20)
FNDA:0,(anonymous_23)
FNDA:0,(anonymous_24)
DA:2,3
DA:4,3
DA:8,1
DA:9,1
DA:10,1
DA:13,3
DA:14,1
DA:15,1
DA:16,1
DA:17,1
DA:19,0
DA:25,3
DA:26,0
DA:27,0
DA:28,0
DA:29,0
DA:31,0
DA:32,0
DA:34,0
DA:40,3
LF:20
LH:12
BRDA:8,0,0,0
BRDA:8,0,1,1
BRDA:16,1,0,1
BRDA:16,1,1,0
BRDA:28,2,0,0
BRDA:28,2,1,0
BRDA:31,3,0,0
BRDA:31,3,1,0
BRF:8
BRH:2
end_of_record
TN:
SF:src/app/Authorization/UserCredentialsDbAccess.ts
FN:4,(anonymous_13)
FN:8,UserCredentialsDbAccess
FN:13,(anonymous_15)
FN:14,(anonymous_18)
FN:15,(anonymous_19)
FN:25,(anonymous_20)
FN:26,(anonymous_23)
FN:27,(anonymous_24)
FNF:8
FNH:1
FNDA:2,(anonymous_13)
FNDA:0,UserCredentialsDbAccess
FNDA:0,(anonymous_15)
FNDA:0,(anonymous_18)
FNDA:0,(anonymous_19)
FNDA:0,(anonymous_20)
FNDA:0,(anonymous_23)
FNDA:0,(anonymous_24)
DA:1,2
DA:4,2
DA:8,0
DA:9,0
DA:10,0
DA:13,2
DA:14,0
DA:15,0
DA:16,0
DA:17,0
DA:19,0
DA:25,2
DA:26,0
DA:27,0
DA:28,0
DA:29,0
DA:31,0
DA:32,0
DA:34,0
DA:43,2
LF:20
LH:5
BRDA:8,0,0,0
BRDA:8,0,1,0
BRDA:16,1,0,0
BRDA:16,1,1,0
BRDA:28,2,0,0
BRDA:28,2,1,0
BRDA:31,3,0,0
BRDA:31,3,1,0
BRF:8
BRH:0
end_of_record
TN:
SF:src/app/Data/UsersDBAccess.ts
FN:4,(anonymous_13)
FN:8,UsersDBAccess
FN:13,(anonymous_15)
FN:14,(anonymous_18)
FN:15,(anonymous_19)
FN:25,(anonymous_20)
FN:27,(anonymous_23)
FN:28,(anonymous_24)
FNF:8
FNH:2
FNDA:1,(anonymous_13)
FNDA:3,UsersDBAccess
FNDA:0,(anonymous_15)
FNDA:0,(anonymous_18)
FNDA:0,(anonymous_19)
FNDA:0,(anonymous_20)
FNDA:0,(anonymous_23)
FNDA:0,(anonymous_24)
DA:1,1
DA:4,1
DA:8,6
DA:9,3
DA:10,3
DA:13,1
DA:14,0
DA:15,0
DA:16,0
DA:17,0
DA:19,0
DA:25,1
DA:26,0
DA:27,0
DA:28,0
DA:29,0
DA:30,0
DA:32,0
DA:37,1
LF:19
LH:8
BRDA:8,0,0,3
BRDA:8,0,1,0
BRDA:16,1,0,0
BRDA:16,1,1,0
BRDA:29,2,0,0
BRDA:29,2,1,0
BRF:6
BRH:1
end_of_record
TN:
SF:src/app/Handlers/DataHandler.ts
FN:6,(anonymous_13)
FN:13,DataHandler
FN:20,(anonymous_15)
FN:33,(anonymous_18)
FN:37,(anonymous_21)
FN:60,(anonymous_24)
FNF:6
FNH:1
FNDA:1,(anonymous_13)
FNDA:0,DataHandler
FNDA:0,(anonymous_15)
FNDA:0,(anonymous_18)
FNDA:0,(anonymous_21)
FNDA:0,(anonymous_24)
DA:2,1
DA:3,1
DA:6,1
DA:14,0
DA:15,0
DA:16,0
DA:17,0
DA:20,1
DA:21,0
DA:22,0
DA:23,0
DA:24,0
DA:25,0
DA:26,0
DA:27,0
DA:29,0
DA:33,1
DA:34,0
DA:37,1
DA:39,0
DA:40,0
DA:41,0
DA:42,0
DA:43,0
DA:44,0
DA:45,0
DA:47,0
DA:48,0
DA:51,0
DA:52,0
DA:55,0
DA:56,0
DA:60,1
DA:61,0
DA:62,0
DA:63,0
DA:64,0
DA:65,0
DA:67,0
DA:70,0
DA:74,1
LF:41
LH:8
BRDA:23,0,0,0
BRDA:23,0,1,0
BRDA:23,0,2,0
BRDA:22,1,0,0
BRDA:22,1,1,0
BRDA:40,2,0,0
BRDA:40,2,1,0
BRDA:42,3,0,0
BRDA:42,3,1,0
BRDA:70,4,0,0
BRDA:62,5,0,0
BRDA:62,5,1,0
BRDA:64,6,0,0
BRDA:64,6,1,0
BRF:14
BRH:0
end_of_record
TN:
SF:src/app/Handlers/LoginHandler.ts
FN:6,(anonymous_13)
FN:12,LoginHandler
FN:18,(anonymous_15)
FN:31,(anonymous_18)
FN:35,(anonymous_21)
FNF:5
FNH:5
FNDA:2,(anonymous_13)
FNDA:5,LoginHandler
FNDA:5,(anonymous_15)
FNDA:1,(anonymous_18)
FNDA:3,(anonymous_21)
DA:3,2
DA:4,2
DA:6,2
DA:13,5
DA:14,5
DA:15,5
DA:18,2
DA:19,5
DA:20,1
DA:21,2
DA:22,1
DA:23,3
DA:24,6
DA:25,3
DA:27,1
DA:31,2
DA:32,1
DA:35,2
DA:37,3
DA:38,2
DA:39,2
DA:40,1
DA:41,1
DA:42,1
DA:44,1
DA:45,1
DA:48,1
DA:49,1
DA:52,2
LF:29
LH:29
BRDA:21,0,0,1
BRDA:21,0,1,3
BRDA:21,0,2,1
BRDA:20,1,0,1
BRDA:20,1,1,3
BRDA:39,2,0,1
BRDA:39,2,1,1
BRF:7
BRH:7
end_of_record
TN:
SF:src/app/Models/ServerModels.ts
FN:21,(anonymous_0)
FN:27,(anonymous_1)
FN:51,(anonymous_2)
FN:60,(anonymous_3)
FNF:4
FNH:4
FNDA:5,(anonymous_0)
FNDA:5,(anonymous_1)
FNDA:5,(anonymous_2)
FNDA:5,(anonymous_3)
DA:21,5
DA:22,5
DA:23,5
DA:24,5
DA:27,5
DA:28,5
DA:29,5
DA:30,5
DA:31,5
DA:51,5
DA:52,5
DA:53,5
DA:54,5
DA:55,5
DA:56,5
DA:57,5
DA:60,5
DA:61,5
DA:62,5
DA:63,5
DA:64,5
DA:65,5
LF:22
LH:22
BRDA:21,0,0,5
BRDA:21,0,1,5
BRDA:27,1,0,5
BRDA:27,1,1,5
BRDA:51,2,0,5
BRDA:51,2,1,5
BRDA:60,3,0,5
BRDA:60,3,1,5
BRF:8
BRH:8
end_of_record
TN:
SF:src/app/Server/Server.ts
FN:8,(anonymous_13)
FN:13,(anonymous_15)
FN:14,(anonymous_16)
FN:14,(anonymous_17)
FNF:4
FNH:4
FNDA:4,(anonymous_13)
FNDA:3,(anonymous_15)
FNDA:3,(anonymous_16)
FNDA:3,(anonymous_17)
DA:1,1
DA:2,1
DA:3,1
DA:4,1
DA:5,1
DA:6,1
DA:8,1
DA:10,3
DA:11,3
DA:13,3
DA:14,3
DA:15,3
DA:16,3
DA:17,1
DA:18,2
DA:19,1
DA:20,1
DA:21,2
DA:22,1
DA:24,1
DA:26,3
DA:28,3
DA:30,1
LF:23
LH:23
BRDA:18,0,0,1
BRDA:18,0,1,1
BRDA:18,0,2,1
BRDA:17,1,0,1
BRDA:17,1,1,1
BRF:5
BRH:5
end_of_record
TN:
SF:src/app/Utils/Utils.ts
FN:5,(anonymous_13)
FN:8,(anonymous_15)
FN:17,(anonymous_16)
FN:31,(anonymous_17)
FN:32,(anonymous_20)
FN:34,(anonymous_21)
FN:37,(anonymous_22)
FN:44,(anonymous_23)
FNF:8
FNH:3
FNDA:5,(anonymous_13)
FNDA:4,(anonymous_15)
FNDA:5,(anonymous_16)
FNDA:0,(anonymous_17)
FNDA:0,(anonymous_20)
FNDA:0,(anonymous_21)
FNDA:0,(anonymous_22)
FNDA:0,(anonymous_23)
DA:1,5
DA:5,5
DA:8,5
DA:9,4
DA:10,0
DA:13,4
DA:17,5
DA:18,5
DA:19,5
DA:20,4
DA:21,4
DA:22,4
DA:24,0
DA:27,1
DA:31,5
DA:32,0
DA:33,0
DA:34,0
DA:35,0
DA:37,0
DA:38,0
DA:39,0
DA:41,0
DA:44,0
DA:45,0
DA:50,5
LF:26
LH:14
BRDA:9,0,0,0
BRDA:9,0,1,4
BRDA:19,1,0,4
BRDA:19,1,1,1
BRDA:21,2,0,4
BRDA:21,2,1,0
BRF:6
BRH:4
end_of_record
